Started by user unknown or anonymous
Running in Durability level: MAX_SURVIVABILITY
org.codehaus.groovy.control.MultipleCompilationErrorsException: startup failed:
WorkflowScript: 2: Not a valid section definition: "any". Some extra configuration is required. @ line 2, column 12.
       agent: any
              ^

WorkflowScript: 4: Unknown stage section "echo". Starting with version 0.5, steps in a stage must be in a ‘steps’ block. @ line 4, column 9.
           stage('init'){
           ^

WorkflowScript: 7: Unknown stage section "echo". Starting with version 0.5, steps in a stage must be in a ‘steps’ block. @ line 7, column 9.
           stage('build'){
           ^

WorkflowScript: 1: Missing required section "agent" @ line 1, column 1.
   pipeline {
   ^

WorkflowScript: 4: Expected one of "steps", "stages", or "parallel" for stage "init" @ line 4, column 9.
           stage('init'){
           ^

WorkflowScript: 7: Expected one of "steps", "stages", or "parallel" for stage "build" @ line 7, column 9.
           stage('build'){
           ^

6 errors

	at org.codehaus.groovy.control.ErrorCollector.failIfErrors(ErrorCollector.java:310)
	at org.codehaus.groovy.control.CompilationUnit.applyToPrimaryClassNodes(CompilationUnit.java:1085)
	at org.codehaus.groovy.control.CompilationUnit.doPhaseOperation(CompilationUnit.java:603)
	at org.codehaus.groovy.control.CompilationUnit.processPhaseOperations(CompilationUnit.java:581)
	at org.codehaus.groovy.control.CompilationUnit.compile(CompilationUnit.java:558)
	at groovy.lang.GroovyClassLoader.doParseClass(GroovyClassLoader.java:298)
	at groovy.lang.GroovyClassLoader.parseClass(GroovyClassLoader.java:268)
	at groovy.lang.GroovyShell.parseClass(GroovyShell.java:688)
	at groovy.lang.GroovyShell.parse(GroovyShell.java:700)
	at org.jenkinsci.plugins.workflow.cps.CpsGroovyShell.doParse(CpsGroovyShell.java:133)
	at org.jenkinsci.plugins.workflow.cps.CpsGroovyShell.reparse(CpsGroovyShell.java:126)
	at org.jenkinsci.plugins.workflow.cps.CpsFlowExecution.parseScript(CpsFlowExecution.java:561)
	at org.jenkinsci.plugins.workflow.cps.CpsFlowExecution.start(CpsFlowExecution.java:522)
	at org.jenkinsci.plugins.workflow.job.WorkflowRun.run(WorkflowRun.java:320)
	at hudson.model.ResourceController.execute(ResourceController.java:97)
	at hudson.model.Executor.run(Executor.java:429)
Finished: FAILURE
